0 info it worked if it ends with ok
1 verbose cli [ '/usr/local/bin/node',
1 verbose cli   '/usr/local/bin/npm',
1 verbose cli   'run',
1 verbose cli   'test-sauce' ]
2 info using npm@3.10.10
3 info using node@v6.11.2
4 verbose run-script [ 'pretest-sauce', 'test-sauce', 'posttest-sauce' ]
5 info lifecycle raml-request-url-editor@0.1.15~pretest-sauce: raml-request-url-editor@0.1.15
6 silly lifecycle raml-request-url-editor@0.1.15~pretest-sauce: no script for pretest-sauce, continuing
7 info lifecycle raml-request-url-editor@0.1.15~test-sauce: raml-request-url-editor@0.1.15
8 verbose lifecycle raml-request-url-editor@0.1.15~test-sauce: unsafe-perm in lifecycle true
9 verbose lifecycle raml-request-url-editor@0.1.15~test-sauce: PATH: /usr/local/lib/node_modules/npm/bin/node-gyp-bin:/Users/pawelpsztyc/workspace/advanced-rest-client/raml-request-url-editor/node_modules/.bin:/Users/pawelpsztyc/sdk/google-cloud-sdk/bin:/usr/local/bin:/usr/bin:/bin:/usr/sbin:/sbin:/usr/local/MacGPG2/bin
10 verbose lifecycle raml-request-url-editor@0.1.15~test-sauce: CWD: /Users/pawelpsztyc/workspace/advanced-rest-client/raml-request-url-editor
11 silly lifecycle raml-request-url-editor@0.1.15~test-sauce: Args: [ '-c',
11 silly lifecycle   'polymer test --plugin sauce --job-name "raml-request-url-editor:local-test"' ]
12 silly lifecycle raml-request-url-editor@0.1.15~test-sauce: Returned: code: 1  signal: null
13 info lifecycle raml-request-url-editor@0.1.15~test-sauce: Failed to exec test-sauce script
14 verbose stack Error: raml-request-url-editor@0.1.15 test-sauce: `polymer test --plugin sauce --job-name "raml-request-url-editor:local-test"`
14 verbose stack Exit status 1
14 verbose stack     at EventEmitter.<anonymous> (/usr/local/lib/node_modules/npm/lib/utils/lifecycle.js:255:16)
14 verbose stack     at emitTwo (events.js:106:13)
14 verbose stack     at EventEmitter.emit (events.js:191:7)
14 verbose stack     at ChildProcess.<anonymous> (/usr/local/lib/node_modules/npm/lib/utils/spawn.js:40:14)
14 verbose stack     at emitTwo (events.js:106:13)
14 verbose stack     at ChildProcess.emit (events.js:191:7)
14 verbose stack     at maybeClose (internal/child_process.js:891:16)
14 verbose stack     at Process.ChildProcess._handle.onexit (internal/child_process.js:226:5)
15 verbose pkgid raml-request-url-editor@0.1.15
16 verbose cwd /Users/pawelpsztyc/workspace/advanced-rest-client/raml-request-url-editor
17 error Darwin 16.7.0
18 error argv "/usr/local/bin/node" "/usr/local/bin/npm" "run" "test-sauce"
19 error node v6.11.2
20 error npm  v3.10.10
21 error code ELIFECYCLE
22 error raml-request-url-editor@0.1.15 test-sauce: `polymer test --plugin sauce --job-name "raml-request-url-editor:local-test"`
22 error Exit status 1
23 error Failed at the raml-request-url-editor@0.1.15 test-sauce script 'polymer test --plugin sauce --job-name "raml-request-url-editor:local-test"'.
23 error Make sure you have the latest version of node.js and npm installed.
23 error If you do, this is most likely a problem with the raml-request-url-editor package,
23 error not with npm itself.
23 error Tell the author that this fails on your system:
23 error     polymer test --plugin sauce --job-name "raml-request-url-editor:local-test"
23 error You can get information on how to open an issue for this project with:
23 error     npm bugs raml-request-url-editor
23 error Or if that isn't available, you can get their info via:
23 error     npm owner ls raml-request-url-editor
23 error There is likely additional logging output above.
24 verbose exit [ 1, true ]
